<?xml version="1.0" encoding="UTF-8"?>
<testsuite name="com.odcarebears.ObBearsApplicationTests" tests="1" skipped="0" failures="0" errors="0" timestamp="2022-11-18T19:16:52" hostname="Clarisas-MacBook-Pro.local" time="0.074">
  <properties/>
  <testcase name="contextLoads()" classname="com.odcarebears.ObBearsApplicationTests" time="0.074"/>
  <system-out><![CDATA[13:16:38.672 [Test worker] DEBUG org.springframework.test.context.BootstrapUtils - Instantiating CacheAwareContextLoaderDelegate from class [org.springframework.test.context.cache.DefaultCacheAwareContextLoaderDelegate]
13:16:38.677 [Test worker] DEBUG org.springframework.test.context.BootstrapUtils - Instantiating BootstrapContext using constructor [public org.springframework.test.context.support.DefaultBootstrapContext(java.lang.Class,org.springframework.test.context.CacheAwareContextLoaderDelegate)]
13:16:38.691 [Test worker] DEBUG org.springframework.test.context.BootstrapUtils - Instantiating TestContextBootstrapper for test class [com.odcarebears.ObBearsApplicationTests] from class [org.springframework.boot.test.context.SpringBootTestContextBootstrapper]
13:16:38.696 [Test worker] INFO org.springframework.boot.test.context.SpringBootTestContextBootstrapper - Neither @ContextConfiguration nor @ContextHierarchy found for test class [com.odcarebears.ObBearsApplicationTests], using SpringBootContextLoader
13:16:38.697 [Test worker] DEBUG org.springframework.test.context.support.AbstractContextLoader - Did not detect default resource location for test class [com.odcarebears.ObBearsApplicationTests]: class path resource [com/odcarebears/ObBearsApplicationTests-context.xml] does not exist
13:16:38.698 [Test worker] DEBUG org.springframework.test.context.support.AbstractContextLoader - Did not detect default resource location for test class [com.odcarebears.ObBearsApplicationTests]: class path resource [com/odcarebears/ObBearsApplicationTestsContext.groovy] does not exist
13:16:38.698 [Test worker] INFO org.springframework.test.context.support.AbstractContextLoader - Could not detect default resource locations for test class [com.odcarebears.ObBearsApplicationTests]: no resource found for suffixes {-context.xml, Context.groovy}.
13:16:38.698 [Test worker] INFO org.springframework.test.context.support.AnnotationConfigContextLoaderUtils - Could not detect default configuration classes for test class [com.odcarebears.ObBearsApplicationTests]: ObBearsApplicationTests does not declare any static, non-private, non-final, nested classes annotated with @Configuration.
13:16:38.714 [Test worker] DEBUG org.springframework.test.context.support.ActiveProfilesUtils - Could not find an 'annotation declaring class' for annotation type [org.springframework.test.context.ActiveProfiles] and class [com.odcarebears.ObBearsApplicationTests]
13:16:38.736 [Test worker] DEBUG org.springframework.context.annotation.ClassPathScanningCandidateComponentProvider - Identified candidate component class: file [/Users/clarisa/Generation/java-learning/odCareBears-backend/build/classes/java/main/com/odcarebears/ObBearsApplication.class]
13:16:38.737 [Test worker] INFO org.springframework.boot.test.context.SpringBootTestContextBootstrapper - Found @SpringBootConfiguration com.odcarebears.ObBearsApplication for test class com.odcarebears.ObBearsApplicationTests
13:16:38.778 [Test worker] DEBUG org.springframework.boot.test.context.SpringBootTestContextBootstrapper - @TestExecutionListeners is not present for class [com.odcarebears.ObBearsApplicationTests]: using defaults.
13:16:38.778 [Test worker] INFO org.springframework.boot.test.context.SpringBootTestContextBootstrapper - Loaded default TestExecutionListener class names from location [META-INF/spring.factories]: [org.springframework.boot.test.autoconfigure.restdocs.RestDocsTestExecutionListener, org.springframework.boot.test.autoconfigure.web.client.MockRestServiceServerResetTestExecutionListener, org.springframework.boot.test.autoconfigure.web.servlet.MockMvcPrintOnlyOnFailureTestExecutionListener, org.springframework.boot.test.autoconfigure.web.servlet.WebDriverTestExecutionListener, org.springframework.boot.test.autoconfigure.webservices.client.MockWebServiceServerTestExecutionListener, org.springframework.boot.test.mock.mockito.MockitoTestExecutionListener, org.springframework.boot.test.mock.mockito.ResetMocksTestExecutionListener, org.springframework.test.context.web.ServletTestExecutionListener, org.springframework.test.context.support.DirtiesContextBeforeModesTestExecutionListener, org.springframework.test.context.event.ApplicationEventsTestExecutionListener, org.springframework.test.context.support.DependencyInjectionTestExecutionListener, org.springframework.test.context.support.DirtiesContextTestExecutionListener, org.springframework.test.context.transaction.TransactionalTestExecutionListener, org.springframework.test.context.jdbc.SqlScriptsTestExecutionListener, org.springframework.test.context.event.EventPublishingTestExecutionListener]
13:16:38.786 [Test worker] INFO org.springframework.boot.test.context.SpringBootTestContextBootstrapper - Using TestExecutionListeners: [org.springframework.test.context.web.ServletTestExecutionListener@4593ff34, org.springframework.test.context.support.DirtiesContextBeforeModesTestExecutionListener@37d3d232, org.springframework.test.context.event.ApplicationEventsTestExecutionListener@30c0ccff, org.springframework.boot.test.mock.mockito.MockitoTestExecutionListener@581d969c, org.springframework.boot.test.autoconfigure.SpringBootDependencyInjectionTestExecutionListener@22db8f4, org.springframework.test.context.support.DirtiesContextTestExecutionListener@2b46a8c1, org.springframework.test.context.transaction.TransactionalTestExecutionListener@1d572e62, org.springframework.test.context.jdbc.SqlScriptsTestExecutionListener@29caf222, org.springframework.test.context.event.EventPublishingTestExecutionListener@46cf05f7, org.springframework.boot.test.autoconfigure.restdocs.RestDocsTestExecutionListener@5851bd4f, org.springframework.boot.test.autoconfigure.web.client.MockRestServiceServerResetTestExecutionListener@7cd1ac19, org.springframework.boot.test.autoconfigure.web.servlet.MockMvcPrintOnlyOnFailureTestExecutionListener@2f40a43, org.springframework.boot.test.autoconfigure.web.servlet.WebDriverTestExecutionListener@3caa4757, org.springframework.boot.test.autoconfigure.webservices.client.MockWebServiceServerTestExecutionListener@69c43e48, org.springframework.boot.test.mock.mockito.ResetMocksTestExecutionListener@1804f60d]
13:16:38.787 [Test worker] DEBUG org.springframework.test.context.support.AbstractDirtiesContextTestExecutionListener - Before test class: context [DefaultTestContext@1cfd1875 testClass = ObBearsApplicationTests, testInstance = [null], testMethod = [null], testException = [null], mergedContextConfiguration = [WebMergedContextConfiguration@28c0b664 testClass = ObBearsApplicationTests, locations = '{}', classes = '{class com.odcarebears.ObBearsApplication}', contextInitializerClasses = '[]', activeProfiles = '{}', propertySourceLocations = '{}', propertySourceProperties = '{org.springframework.boot.test.context.SpringBootTestContextBootstrapper=true}', contextCustomizers = set[org.springframework.boot.test.autoconfigure.actuate.metrics.MetricsExportContextCustomizerFactory$DisableMetricExportContextCustomizer@1bb564e2, org.springframework.boot.test.autoconfigure.properties.PropertyMappingContextCustomizer@0, org.springframework.boot.test.autoconfigure.web.servlet.WebDriverContextCustomizerFactory$Customizer@5c8eee0f, org.springframework.boot.test.context.filter.ExcludeFilterContextCustomizer@56a4479a, org.springframework.boot.test.json.DuplicateJsonObjectContextCustomizerFactory$DuplicateJsonObjectContextCustomizer@4504d271, org.springframework.boot.test.mock.mockito.MockitoContextCustomizer@0, org.springframework.boot.test.web.client.TestRestTemplateContextCustomizer@30bcf3c1, org.springframework.boot.test.context.SpringBootTestArgs@1, org.springframework.boot.test.context.SpringBootTestWebEnvironment@1787f2a0], resourceBasePath = 'src/main/webapp', contextLoader = 'org.springframework.boot.test.context.SpringBootContextLoader', parent = [null]], attributes = map['org.springframework.test.context.web.ServletTestExecutionListener.activateListener' -> true]], class annotated with @DirtiesContext [false] with mode [null].
  _____  ______       _______ _______  ______ _______      ______  _______ _______  ______ _______
 |     | |     \      |       |_____| |_____/ |______      |_____] |______ |_____| |_____/ |______
 |_____| |_____/      |_____  |     | |    \_ |______      |_____] |______ |     | |    \_ ______|


2022-11-18 13:16:38.940  INFO 7368 --- [    Test worker] com.odcarebears.ObBearsApplicationTests  : Starting ObBearsApplicationTests using Java 17.0.4.1 on Clarisas-MacBook-Pro.local with PID 7368 (started by clarisa in /Users/clarisa/Generation/java-learning/odCareBears-backend)
2022-11-18 13:16:38.941  INFO 7368 --- [    Test worker] com.odcarebears.ObBearsApplicationTests  : No active profile set, falling back to 1 default profile: "default"
2022-11-18 13:16:39.178  INFO 7368 --- [    Test worker] .s.d.r.c.RepositoryConfigurationDelegate : Bootstrapping Spring Data JPA repositories in DEFAULT mode.
2022-11-18 13:16:39.200  INFO 7368 --- [    Test worker] .s.d.r.c.RepositoryConfigurationDelegate : Finished Spring Data repository scanning in 19 ms. Found 5 JPA repository interfaces.
2022-11-18 13:16:39.434  INFO 7368 --- [    Test worker] o.hibernate.jpa.internal.util.LogHelper  : HHH000204: Processing PersistenceUnitInfo [name: default]
2022-11-18 13:16:39.453  INFO 7368 --- [    Test worker] org.hibernate.Version                    : HHH000412: Hibernate ORM core version 5.6.12.Final
2022-11-18 13:16:39.521  INFO 7368 --- [    Test worker] o.hibernate.annotations.common.Version   : HCANN000001: Hibernate Commons Annotations {5.1.2.Final}
2022-11-18 13:16:39.562  INFO 7368 --- [    Test worker] com.zaxxer.hikari.HikariDataSource       : HikariPool-1 - Starting...
2022-11-18 13:16:40.858  INFO 7368 --- [    Test worker] com.zaxxer.hikari.HikariDataSource       : HikariPool-1 - Start completed.
2022-11-18 13:16:40.874  INFO 7368 --- [    Test worker] org.hibernate.dialect.Dialect            : HHH000400: Using dialect: org.hibernate.dialect.MySQL8Dialect
Hibernate: alter table detalles_pedido drop foreign key FKrvkloxugyfhcls33cvc1no8rm
Hibernate: alter table detalles_pedido drop foreign key FKh4gusbsp9h94g37c25p2nimp5
Hibernate: alter table pedidos drop foreign key FKi7r280aajwcb0vmf6chge1ird
Hibernate: alter table producto drop foreign key FK9nyueixdsgbycfhf7allg8su
Hibernate: drop table if exists categoria
Hibernate: drop table if exists detalles_pedido
Hibernate: drop table if exists pedidos
Hibernate: drop table if exists producto
Hibernate: drop table if exists usuario
Hibernate: create table categoria (id_categoria bigint not null auto_increment, imagen_categoria varchar(155), nombre_categoria varchar(100), primary key (id_categoria)) engine=InnoDB
Hibernate: create table detalles_pedido (detalle_id bigint not null auto_increment, cantidad_producto integer, importe_total double precision, id_pedido bigint, id_producto bigint, primary key (detalle_id)) engine=InnoDB
Hibernate: create table pedidos (id_pedido bigint not null auto_increment, fecha_realizado timestamp default CURRENT_TIMESTAMP, numero_productos integer, user_id bigint, primary key (id_pedido)) engine=InnoDB
Hibernate: create table producto (id_producto bigint not null auto_increment, descripcion varchar(255), existencias bigint, fecha_creacion timestamp default CURRENT_TIMESTAMP, foto1 varchar(255), foto2 varchar(255), foto3 varchar(255), nombre_producto varchar(255), precio double precision, id_categoria bigint not null, primary key (id_producto)) engine=InnoDB
Hibernate: create table usuario (user_id bigint not null auto_increment, email varchar(150), full_name varchar(150), password varchar(150), telephone varchar(10), primary key (user_id)) engine=InnoDB
Hibernate: alter table detalles_pedido add constraint FKrvkloxugyfhcls33cvc1no8rm foreign key (id_pedido) references pedidos (id_pedido)
Hibernate: alter table detalles_pedido add constraint FKh4gusbsp9h94g37c25p2nimp5 foreign key (id_producto) references producto (id_producto)
Hibernate: alter table pedidos add constraint FKi7r280aajwcb0vmf6chge1ird foreign key (user_id) references usuario (user_id)
Hibernate: alter table producto add constraint FK9nyueixdsgbycfhf7allg8su foreign key (id_categoria) references categoria (id_categoria)
2022-11-18 13:16:45.486  INFO 7368 --- [    Test worker] o.h.t.schema.internal.SchemaCreatorImpl  : HHH000476: Executing import script 'file:/Users/clarisa/Generation/java-learning/odCareBears-backend/build/resources/main/import.sql'
Hibernate: USE railway
Hibernate: INSERT INTO `categoria`(nombre_categoria, imagen_categoria) VALUE ('Ositos', 'https://i.ibb.co/BjB10BQ/Osos.jpg')
Hibernate: INSERT INTO `categoria`(nombre_categoria, imagen_categoria) VALUE ('Accesorios', 'https://i.ibb.co/6vLTc5F/accesoriofil.jpg')
Hibernate: INSERT INTO `categoria`(nombre_categoria, imagen_categoria) VALUE ('Cerámica','https://i.ibb.co/FXS5QH3/tazafil.jpg')
Hibernate: INSERT INTO `categoria`(nombre_categoria, imagen_categoria) VALUE ('Otros','https://i.ibb.co/TLND302/otrosfil.jpg')
Hibernate: INSERT INTO `usuario`(`email`, `full_name`, `password`, `telephone`) VALUES ("karlafer6@hotmail.com", "Karla Fernanda Rodríguez Palapa", "Osito123", "5568795574")
Hibernate: INSERT INTO `usuario`(`email`, `full_name`, `password`, `telephone`) VALUES ("odreygj@gmail.com", "Audrey Gerardo Juárez", "Osito123", "2223566325")
Hibernate: INSERT INTO `usuario`(`email`, `full_name`, `password`, `telephone`) VALUES ("gabelardo04@gmail.com", "Abelardo Gutiérrez López", "Osito123", "9541239911")
Hibernate: INSERT INTO `usuario`(`email`, `full_name`, `password`, `telephone`) VALUES ("vivancomiguel119@gmail.com", "Miguel Angel Vivanco Maldonado", "Osito123", "3781185488")
Hibernate: INSERT INTO `usuario`(`email`, `full_name`, `password`, `telephone`) VALUES ("betancourt.lucero@gmail.com", "Lucero Clarisa Betancourt García", "Osito123", "5539192506")
Hibernate: INSERT INTO `usuario`(`email`, `full_name`, `password`, `telephone`) VALUES ("miguelrmor@gmail.com", "Miguel Rodríguez Morán", "Osito123", "3310126351")
Hibernate: INSERT INTO `producto`(`nombre_producto`, `precio`, `descripcion`,`id_categoria`, `existencias`,`foto1`,`foto2`,`foto3`) VALUES ('Oso Morado', '199','Mochilita carinosita con correas ajustables y cierre trasero para guardar lo que desees','1', '10','https://i.ibb.co/744rDWn/Oso-Morado.jpg','https://i.ibb.co/VqzdZGy/Oso-Morado1.jpg','https://i.ibb.co/pnnkHKs/Oso-Morado2.jpg')
Hibernate: INSERT INTO `producto`(`nombre_producto`, `precio`, `descripcion`,`id_categoria`, `existencias`,`foto1`,`foto2`,`foto3`) VALUES('Oso Dormilon', '199', 'Osito Dormiloncito, con su corazon intacto para que le des mucho amor, ojitos cansaditos y bonitos','1','10','https://i.ibb.co/WgNGg7d/OsoAzul.jpg','https://i.ibb.co/G90FCSb/OsoAzul1.jpg','https://i.ibb.co/4sjTnCJ/Osito-Azul3.jpg')
Hibernate: INSERT INTO `producto`(`nombre_producto`, `precio`, `descripcion`,`id_categoria`, `existencias`,`foto1`,`foto2`,`foto3`) VALUES('Tiernosito cafe', '199', 'Tiernosito cafe esta listo para que acaricies, y cuides de el','1', '10', 'https://i.ibb.co/xHPXJw9/OsoCafe.jpg','https://i.ibb.co/vXBpXm0/OsoCafe1.jpg', 'https://i.ibb.co/wSd7D5w/OsoCafe2.jpg')
Hibernate: INSERT INTO `producto`(`nombre_producto`, `precio`, `descripcion`,`id_categoria`, `existencias`,`foto1`,`foto2`,`foto3`) VALUES ('Love A Lot Bear', '340', 'Osito con mucho amor para dar y que cuides de el, en perfecto estado', '1', '10','https://i.ibb.co/dfbZP07/OsoRosa.jpg', 'https://i.ibb.co/Nsdskyv/OsoRosa1.jpg','https://i.ibb.co/7VWWcxX/OsoRosa2.jpg')
Hibernate: INSERT INTO `producto`(`nombre_producto`, `precio`, `descripcion`,`id_categoria`, `existencias`,`foto1`,`foto2`,`foto3`) VALUES ('Bebe de los cariñositos', '145', 'adaptable a mochila, sin danos','1','5','https://i.ibb.co/mS5fHF0/Oso-Rosita.jpg', 'https://i.ibb.co/nkmGVTb/Oso-Rosita1.jpg', 'https://i.ibb.co/DQsQpCh/Oso-Rosita2.jpg')
Hibernate: INSERT INTO `producto`(`nombre_producto`, `precio`, `descripcion`,`id_categoria`, `existencias`,`foto1`,`foto2`,`foto3`) VALUES ('Aretes Estrella', '199', 'Hermosos aretes en dorado y azul, figuras de planeta y luna con estrellas, con monos azul, pequenos y discretos','2' ,'8', ' https://i.ibb.co/StmXdPB/Estrellitas.jpg','https://i.ibb.co/kJBSBkr/Planeta-Peque-o.jpg' , 'https://i.ibb.co/3SKdMCf/Luna-Azul2.jpg')
Hibernate: INSERT INTO `producto`(`nombre_producto`, `precio`, `descripcion`,`id_categoria`, `existencias`,`foto1`,`foto2`,`foto3`) VALUES ('Aretes Aros Luna-Planeta', '140', 'Hermosos aretes en dorado y azul en forma circular, con imagen de la luna, estrellas y un planeta','2', '10', 'https://i.ibb.co/7y9fvZr/Aretes-Luna-Planeta.jpg','https://i.ibb.co/929ZSh8/Aretes-Luna-Planeta2.jpg','https://i.ibb.co/gJYMXY8/Aretes-Luna-Planeta3.jpg')
Hibernate: INSERT INTO `producto`(`nombre_producto`, `precio`, `descripcion`, `id_categoria`, `existencias`,`foto1`,`foto2`,`foto3`) VALUES ('Aretes Luna-Estrella', '130', 'Hermosos aretes en dorado y azul, una luna y una estrella con una perla.','2', '10','https://i.ibb.co/MfVR9R9/Luna-Estrellita.jpg','https://i.ibb.co/HBQVdtw/Luna-Estrellita2.jpg', 'https://i.ibb.co/MP2Kyp0/Aretes-Circulares4.jpg')
Hibernate: INSERT INTO `producto`(`nombre_producto`, `precio`, `descripcion`, `id_categoria`, `existencias`,`foto1`,`foto2`,`foto3`) VALUES ('Noche Estrellada', '199', 'Hermosos aretes en dorado y azul, una luna llena en aros, con estrellas y planetas pequenos colgantes','2', '10', 'https://i.ibb.co/p0qHPbv/Noche-Estrellada1.jpg','https://i.ibb.co/1TbKn7s/Noche-Estrellada2.jpg', 'https://i.ibb.co/p0qHPbv/Noche-Estrellada1.jpg')
Hibernate: INSERT INTO `producto`(`nombre_producto`, `precio`, `descripcion`, `id_categoria`, `existencias`,`foto1`,`foto2`,`foto3`) VALUES ('Alhajero', '390','Alhajero de ceramica con flores, bordes dorados en la base','3', '10', 'https://i.ibb.co/8KxkNZ6/Alajero.jpg', 'https://i.ibb.co/L8nh9mT/Alajero1.jpg', 'https://i.ibb.co/S3Ytyjf/Alajero2.jpg')
Hibernate: INSERT INTO `producto`(`nombre_producto`, `precio`, `descripcion`, `id_categoria`, `existencias`,`foto1`,`foto2`,`foto3`) VALUES ('Cajita pastel', '450', 'Pastelito, con fresas en la parte de arriba, puedes guardar aretes y collares en los compartimientos internos. Fue pintado y moldeado a mano. **Incluye 2 macarons de Ositos','3', '6', 'https://i.ibb.co/3Njn98y/Cajita-Pastel.jpg','https://i.ibb.co/SdX9X2S/Cajita-Pastel1.jpg', 'https://i.ibb.co/smv2Nj7/Cajita-Pastel2.jpg ')
Hibernate: INSERT INTO `producto`(`nombre_producto`, `precio`, `descripcion`, `id_categoria`,  `existencias`,`foto1`,`foto2`,`foto3`) VALUES ('Plato largo', '350', 'Platon de ceramica, con la imagen de Cinnamoroll pintado a mano, con tecnica de hoja de oro','3', '4', 'https://i.ibb.co/37pQK3V/Plato-Largo.jpg','https://i.ibb.co/k9nphkv/Plato-Largo2.jpg','https://i.ibb.co/k9nphkv/Plato-Largo2.jpg')
Hibernate: INSERT INTO `producto`(`nombre_producto`, `precio`, `descripcion`, `id_categoria`, `existencias`,`foto1`,`foto2`,`foto3`) VALUES ('Alhajero My Melody', '199', 'Pequeno alajero de My Melody, se asoma su figura','3', '10', 'https://i.ibb.co/wwk0Bmy/Taza.jpg', 'https://i.ibb.co/R0RZq44/Taza1.jpg', 'https://i.ibb.co/3BZVnY4/Taza2.jpg')
Hibernate: INSERT INTO `producto`(`nombre_producto`, `precio`, `descripcion`, `id_categoria`,  `existencias`, `foto1`,`foto2`,`foto3`) VALUES ('Pintura De Oso', '1300', 'Pintura con técnica sobre oleo de 60x75 cm.','1', '1', 'https://i.ibb.co/wYPK6Tn/Pintura1.jpg', 'https://i.ibb.co/5WDfW7j/Pintura2.jpg', 'https://i.ibb.co/5WDfW7j/Pintura2.jpg')
Hibernate: INSERT INTO `producto`(`nombre_producto`, `precio`, `descripcion`, `id_categoria`, `existencias`,`foto1`,`foto2`,`foto3`) VALUES ('Pintura De iglesia', '650', 'Pintura con técnica sobre oleo de 20x40 cm.', '1', '1', 'https://i.ibb.co/KK8xmN8/templo.jpg', 'https://i.ibb.co/HBNNxjL/templo2.jpg', 'https://i.ibb.co/KK8xmN8/templo.jpg')
Hibernate: INSERT INTO `pedidos` ( `numero_productos`,`user_id`) VALUES ('2', '1')
Hibernate: INSERT INTO `pedidos` ( `numero_productos`,`user_id`) VALUES ('1', '2')
Hibernate: INSERT INTO `pedidos` ( `numero_productos`,`user_id`) VALUES ('2', '3')
Hibernate: INSERT INTO `pedidos` ( `numero_productos`,`user_id`) VALUES ('4', '4')
Hibernate: INSERT INTO `pedidos` ( `numero_productos`,`user_id`) VALUES ('10', '5')
Hibernate: INSERT INTO `pedidos` ( `numero_productos`,`user_id`) VALUES ('2', '6')
2022-11-18 13:16:52.357  INFO 7368 --- [    Test worker] o.h.e.t.j.p.i.JtaPlatformInitiator       : HHH000490: Using JtaPlatform implementation: [org.hibernate.engine.transaction.jta.platform.internal.NoJtaPlatform]
2022-11-18 13:16:52.361  INFO 7368 --- [    Test worker] j.LocalContainerEntityManagerFactoryBean : Initialized JPA EntityManagerFactory for persistence unit 'default'
2022-11-18 13:16:52.614  WARN 7368 --- [    Test worker] JpaBaseConfiguration$JpaWebConfiguration : spring.jpa.open-in-view is enabled by default. Therefore, database queries may be performed during view rendering. Explicitly configure spring.jpa.open-in-view to disable this warning
2022-11-18 13:16:52.825  INFO 7368 --- [    Test worker] com.odcarebears.ObBearsApplicationTests  : Started ObBearsApplicationTests in 14.02 seconds (JVM running for 14.555)
]]></system-out>
  <system-err><![CDATA[]]></system-err>
</testsuite>
