<?xml version="1.0" encoding="UTF-8"?>
<testsuite name="com.odcarebears.ObBearsApplicationTests" tests="1" skipped="0" failures="0" errors="0" timestamp="2022-11-18T01:43:28" hostname="Clarisas-MacBook-Pro.local" time="0.083">
  <properties/>
  <testcase name="contextLoads()" classname="com.odcarebears.ObBearsApplicationTests" time="0.083"/>
  <system-out><![CDATA[19:43:20.894 [Test worker] DEBUG org.springframework.test.context.BootstrapUtils - Instantiating CacheAwareContextLoaderDelegate from class [org.springframework.test.context.cache.DefaultCacheAwareContextLoaderDelegate]
19:43:20.899 [Test worker] DEBUG org.springframework.test.context.BootstrapUtils - Instantiating BootstrapContext using constructor [public org.springframework.test.context.support.DefaultBootstrapContext(java.lang.Class,org.springframework.test.context.CacheAwareContextLoaderDelegate)]
19:43:20.913 [Test worker] DEBUG org.springframework.test.context.BootstrapUtils - Instantiating TestContextBootstrapper for test class [com.odcarebears.ObBearsApplicationTests] from class [org.springframework.boot.test.context.SpringBootTestContextBootstrapper]
19:43:20.918 [Test worker] INFO org.springframework.boot.test.context.SpringBootTestContextBootstrapper - Neither @ContextConfiguration nor @ContextHierarchy found for test class [com.odcarebears.ObBearsApplicationTests], using SpringBootContextLoader
19:43:20.919 [Test worker] DEBUG org.springframework.test.context.support.AbstractContextLoader - Did not detect default resource location for test class [com.odcarebears.ObBearsApplicationTests]: class path resource [com/odcarebears/ObBearsApplicationTests-context.xml] does not exist
19:43:20.919 [Test worker] DEBUG org.springframework.test.context.support.AbstractContextLoader - Did not detect default resource location for test class [com.odcarebears.ObBearsApplicationTests]: class path resource [com/odcarebears/ObBearsApplicationTestsContext.groovy] does not exist
19:43:20.919 [Test worker] INFO org.springframework.test.context.support.AbstractContextLoader - Could not detect default resource locations for test class [com.odcarebears.ObBearsApplicationTests]: no resource found for suffixes {-context.xml, Context.groovy}.
19:43:20.920 [Test worker] INFO org.springframework.test.context.support.AnnotationConfigContextLoaderUtils - Could not detect default configuration classes for test class [com.odcarebears.ObBearsApplicationTests]: ObBearsApplicationTests does not declare any static, non-private, non-final, nested classes annotated with @Configuration.
19:43:20.937 [Test worker] DEBUG org.springframework.test.context.support.ActiveProfilesUtils - Could not find an 'annotation declaring class' for annotation type [org.springframework.test.context.ActiveProfiles] and class [com.odcarebears.ObBearsApplicationTests]
19:43:20.960 [Test worker] DEBUG org.springframework.context.annotation.ClassPathScanningCandidateComponentProvider - Identified candidate component class: file [/Users/clarisa/Generation/java-learning/odCareBears-backend/build/classes/java/main/com/odcarebears/ObBearsApplication.class]
19:43:20.960 [Test worker] INFO org.springframework.boot.test.context.SpringBootTestContextBootstrapper - Found @SpringBootConfiguration com.odcarebears.ObBearsApplication for test class com.odcarebears.ObBearsApplicationTests
19:43:20.998 [Test worker] DEBUG org.springframework.boot.test.context.SpringBootTestContextBootstrapper - @TestExecutionListeners is not present for class [com.odcarebears.ObBearsApplicationTests]: using defaults.
19:43:20.998 [Test worker] INFO org.springframework.boot.test.context.SpringBootTestContextBootstrapper - Loaded default TestExecutionListener class names from location [META-INF/spring.factories]: [org.springframework.boot.test.autoconfigure.restdocs.RestDocsTestExecutionListener, org.springframework.boot.test.autoconfigure.web.client.MockRestServiceServerResetTestExecutionListener, org.springframework.boot.test.autoconfigure.web.servlet.MockMvcPrintOnlyOnFailureTestExecutionListener, org.springframework.boot.test.autoconfigure.web.servlet.WebDriverTestExecutionListener, org.springframework.boot.test.autoconfigure.webservices.client.MockWebServiceServerTestExecutionListener, org.springframework.boot.test.mock.mockito.MockitoTestExecutionListener, org.springframework.boot.test.mock.mockito.ResetMocksTestExecutionListener, org.springframework.test.context.web.ServletTestExecutionListener, org.springframework.test.context.support.DirtiesContextBeforeModesTestExecutionListener, org.springframework.test.context.event.ApplicationEventsTestExecutionListener, org.springframework.test.context.support.DependencyInjectionTestExecutionListener, org.springframework.test.context.support.DirtiesContextTestExecutionListener, org.springframework.test.context.transaction.TransactionalTestExecutionListener, org.springframework.test.context.jdbc.SqlScriptsTestExecutionListener, org.springframework.test.context.event.EventPublishingTestExecutionListener]
19:43:21.005 [Test worker] INFO org.springframework.boot.test.context.SpringBootTestContextBootstrapper - Using TestExecutionListeners: [org.springframework.test.context.web.ServletTestExecutionListener@4593ff34, org.springframework.test.context.support.DirtiesContextBeforeModesTestExecutionListener@37d3d232, org.springframework.test.context.event.ApplicationEventsTestExecutionListener@30c0ccff, org.springframework.boot.test.mock.mockito.MockitoTestExecutionListener@581d969c, org.springframework.boot.test.autoconfigure.SpringBootDependencyInjectionTestExecutionListener@22db8f4, org.springframework.test.context.support.DirtiesContextTestExecutionListener@2b46a8c1, org.springframework.test.context.transaction.TransactionalTestExecutionListener@1d572e62, org.springframework.test.context.jdbc.SqlScriptsTestExecutionListener@29caf222, org.springframework.test.context.event.EventPublishingTestExecutionListener@46cf05f7, org.springframework.boot.test.autoconfigure.restdocs.RestDocsTestExecutionListener@5851bd4f, org.springframework.boot.test.autoconfigure.web.client.MockRestServiceServerResetTestExecutionListener@7cd1ac19, org.springframework.boot.test.autoconfigure.web.servlet.MockMvcPrintOnlyOnFailureTestExecutionListener@2f40a43, org.springframework.boot.test.autoconfigure.web.servlet.WebDriverTestExecutionListener@3caa4757, org.springframework.boot.test.autoconfigure.webservices.client.MockWebServiceServerTestExecutionListener@69c43e48, org.springframework.boot.test.mock.mockito.ResetMocksTestExecutionListener@1804f60d]
19:43:21.007 [Test worker] DEBUG org.springframework.test.context.support.AbstractDirtiesContextTestExecutionListener - Before test class: context [DefaultTestContext@1cfd1875 testClass = ObBearsApplicationTests, testInstance = [null], testMethod = [null], testException = [null], mergedContextConfiguration = [WebMergedContextConfiguration@28c0b664 testClass = ObBearsApplicationTests, locations = '{}', classes = '{class com.odcarebears.ObBearsApplication}', contextInitializerClasses = '[]', activeProfiles = '{}', propertySourceLocations = '{}', propertySourceProperties = '{org.springframework.boot.test.context.SpringBootTestContextBootstrapper=true}', contextCustomizers = set[org.springframework.boot.test.autoconfigure.actuate.metrics.MetricsExportContextCustomizerFactory$DisableMetricExportContextCustomizer@1bb564e2, org.springframework.boot.test.autoconfigure.properties.PropertyMappingContextCustomizer@0, org.springframework.boot.test.autoconfigure.web.servlet.WebDriverContextCustomizerFactory$Customizer@5c8eee0f, org.springframework.boot.test.context.filter.ExcludeFilterContextCustomizer@56a4479a, org.springframework.boot.test.json.DuplicateJsonObjectContextCustomizerFactory$DuplicateJsonObjectContextCustomizer@4504d271, org.springframework.boot.test.mock.mockito.MockitoContextCustomizer@0, org.springframework.boot.test.web.client.TestRestTemplateContextCustomizer@30bcf3c1, org.springframework.boot.test.context.SpringBootTestArgs@1, org.springframework.boot.test.context.SpringBootTestWebEnvironment@1787f2a0], resourceBasePath = 'src/main/webapp', contextLoader = 'org.springframework.boot.test.context.SpringBootContextLoader', parent = [null]], attributes = map['org.springframework.test.context.web.ServletTestExecutionListener.activateListener' -> true]], class annotated with @DirtiesContext [false] with mode [null].

  .   ____          _            __ _ _
 /\\ / ___'_ __ _ _(_)_ __  __ _ \ \ \ \
( ( )\___ | '_ | '_| | '_ \/ _` | \ \ \ \
 \\/  ___)| |_)| | | | | || (_| |  ) ) ) )
  '  |____| .__|_| |_|_| |_\__, | / / / /
 =========|_|==============|___/=/_/_/_/
 :: Spring Boot ::                (v2.7.5)

2022-11-17 19:43:21.148  INFO 98326 --- [    Test worker] com.odcarebears.ObBearsApplicationTests  : Starting ObBearsApplicationTests using Java 17.0.4.1 on Clarisas-MacBook-Pro.local with PID 98326 (started by clarisa in /Users/clarisa/Generation/java-learning/odCareBears-backend)
2022-11-17 19:43:21.149  INFO 98326 --- [    Test worker] com.odcarebears.ObBearsApplicationTests  : No active profile set, falling back to 1 default profile: "default"
2022-11-17 19:43:21.399  INFO 98326 --- [    Test worker] .s.d.r.c.RepositoryConfigurationDelegate : Bootstrapping Spring Data JPA repositories in DEFAULT mode.
2022-11-17 19:43:21.423  INFO 98326 --- [    Test worker] .s.d.r.c.RepositoryConfigurationDelegate : Finished Spring Data repository scanning in 21 ms. Found 5 JPA repository interfaces.
2022-11-17 19:43:21.648  INFO 98326 --- [    Test worker] o.hibernate.jpa.internal.util.LogHelper  : HHH000204: Processing PersistenceUnitInfo [name: default]
2022-11-17 19:43:21.671  INFO 98326 --- [    Test worker] org.hibernate.Version                    : HHH000412: Hibernate ORM core version 5.6.12.Final
2022-11-17 19:43:21.739  INFO 98326 --- [    Test worker] o.hibernate.annotations.common.Version   : HCANN000001: Hibernate Commons Annotations {5.1.2.Final}
2022-11-17 19:43:21.777  INFO 98326 --- [    Test worker] com.zaxxer.hikari.HikariDataSource       : HikariPool-1 - Starting...
2022-11-17 19:43:23.096  INFO 98326 --- [    Test worker] com.zaxxer.hikari.HikariDataSource       : HikariPool-1 - Start completed.
2022-11-17 19:43:23.119  INFO 98326 --- [    Test worker] org.hibernate.dialect.Dialect            : HHH000400: Using dialect: org.hibernate.dialect.MySQL8Dialect
Hibernate: create table categoria (id_categoria bigint not null auto_increment, imagen_categoria varchar(155), nombre_categoria varchar(100), primary key (id_categoria)) engine=InnoDB
Hibernate: create table detalles_pedido (detalle_id bigint not null auto_increment, cantidad_producto integer, importe_total double precision, id_pedido bigint, id_producto bigint, primary key (detalle_id)) engine=InnoDB
Hibernate: create table pedidos (id_pedido bigint not null auto_increment, fecha_realizado timestamp default CURRENT_TIMESTAMP, numero_productos integer, user_id bigint, primary key (id_pedido)) engine=InnoDB
Hibernate: create table producto (id_producto bigint not null auto_increment, descripcion varchar(255), existencias bigint, fecha_creacion timestamp default CURRENT_TIMESTAMP, foto1 bigint, foto2 bigint, foto3 bigint, nombre_producto varchar(255), precio double precision, id_categoria bigint not null, primary key (id_producto)) engine=InnoDB
Hibernate: create table usuario (user_id bigint not null auto_increment, email varchar(150), full_name varchar(150), password varchar(150), telephone varchar(10), primary key (user_id)) engine=InnoDB
Hibernate: alter table detalles_pedido add constraint FKrvkloxugyfhcls33cvc1no8rm foreign key (id_pedido) references pedidos (id_pedido)
Hibernate: alter table detalles_pedido add constraint FKh4gusbsp9h94g37c25p2nimp5 foreign key (id_producto) references producto (id_producto)
Hibernate: alter table pedidos add constraint FKi7r280aajwcb0vmf6chge1ird foreign key (user_id) references usuario (user_id)
Hibernate: alter table producto add constraint FK9nyueixdsgbycfhf7allg8su foreign key (id_categoria) references categoria (id_categoria)
2022-11-17 19:43:27.756  INFO 98326 --- [    Test worker] o.h.e.t.j.p.i.JtaPlatformInitiator       : HHH000490: Using JtaPlatform implementation: [org.hibernate.engine.transaction.jta.platform.internal.NoJtaPlatform]
2022-11-17 19:43:27.763  INFO 98326 --- [    Test worker] j.LocalContainerEntityManagerFactoryBean : Initialized JPA EntityManagerFactory for persistence unit 'default'
2022-11-17 19:43:28.015  WARN 98326 --- [    Test worker] JpaBaseConfiguration$JpaWebConfiguration : spring.jpa.open-in-view is enabled by default. Therefore, database queries may be performed during view rendering. Explicitly configure spring.jpa.open-in-view to disable this warning
2022-11-17 19:43:28.237  INFO 98326 --- [    Test worker] com.odcarebears.ObBearsApplicationTests  : Started ObBearsApplicationTests in 7.214 seconds (JVM running for 7.742)
]]></system-out>
  <system-err><![CDATA[]]></system-err>
</testsuite>
